  BMPTextureLoader.cpp
  Camera.cpp
  Circulo.cpp
  Cuadrado.cpp
  Cubo.cpp
C:\Users\teamo\Desktop\a\OpenGl2XD\OpenGL\OpenGL\Cubo.cpp(19,18): warning C4244: 'inicializando': conversión de 'int' a 'float'; posible pérdida de datos
  DirectionLight.cpp
  Esfera.cpp
C:\Users\teamo\Desktop\a\OpenGl2XD\OpenGL\OpenGL\Esfera.cpp(19,18): warning C4244: 'inicializando': conversión de 'int' a 'float'; posible pérdida de datos
  Example.cpp
C:\Users\teamo\Desktop\a\OpenGl2XD\OpenGL\OpenGL\Example.cpp(43,2): warning C4551: la llamada a la función no tiene lista de argumentos
C:\Users\teamo\Desktop\a\OpenGl2XD\OpenGL\OpenGL\Example.cpp(65,2): warning C4551: la llamada a la función no tiene lista de argumentos
  Example1.cpp
C:\Users\teamo\Desktop\a\OpenGl2XD\OpenGL\OpenGL\Example1.cpp(84,25): warning C4305: 'argumento': truncamiento de 'double' a 'GLfloat'
C:\Users\teamo\Desktop\a\OpenGl2XD\OpenGL\OpenGL\Example1.cpp(116,25): warning C4305: 'argumento': truncamiento de 'double' a 'GLfloat'
C:\Users\teamo\Desktop\a\OpenGl2XD\OpenGL\OpenGL\Example1.cpp(149,25): warning C4305: 'argumento': truncamiento de 'double' a 'GLfloat'
C:\Users\teamo\Desktop\a\OpenGl2XD\OpenGL\OpenGL\Example1.cpp(158,25): warning C4305: 'argumento': truncamiento de 'double' a 'GLfloat'
C:\Users\teamo\Desktop\a\OpenGl2XD\OpenGL\OpenGL\Example1.cpp(167,25): warning C4305: 'argumento': truncamiento de 'double' a 'GLfloat'
C:\Users\teamo\Desktop\a\OpenGl2XD\OpenGL\OpenGL\Example1.cpp(176,25): warning C4305: 'argumento': truncamiento de 'double' a 'GLfloat'
C:\Users\teamo\Desktop\a\OpenGl2XD\OpenGL\OpenGL\Example1.cpp(185,25): warning C4305: 'argumento': truncamiento de 'double' a 'GLfloat'
C:\Users\teamo\Desktop\a\OpenGl2XD\OpenGL\OpenGL\Example1.cpp(194,25): warning C4305: 'argumento': truncamiento de 'double' a 'GLfloat'
C:\Users\teamo\Desktop\a\OpenGl2XD\OpenGL\OpenGL\Example1.cpp(207,25): warning C4305: 'argumento': truncamiento de 'double' a 'GLfloat'
C:\Users\teamo\Desktop\a\OpenGl2XD\OpenGL\OpenGL\Example1.cpp(216,25): warning C4305: 'argumento': truncamiento de 'double' a 'GLfloat'
C:\Users\teamo\Desktop\a\OpenGl2XD\OpenGL\OpenGL\Example1.cpp(234,25): warning C4305: 'argumento': truncamiento de 'double' a 'GLfloat'
C:\Users\teamo\Desktop\a\OpenGl2XD\OpenGL\OpenGL\Example1.cpp(261,25): warning C4305: 'argumento': truncamiento de 'double' a 'GLfloat'
C:\Users\teamo\Desktop\a\OpenGl2XD\OpenGL\OpenGL\Example1.cpp(273,25): warning C4305: 'argumento': truncamiento de 'double' a 'GLfloat'
C:\Users\teamo\Desktop\a\OpenGl2XD\OpenGL\OpenGL\Example1.cpp(346,26): warning C4305: 'argumento': truncamiento de 'double' a 'GLfloat'
C:\Users\teamo\Desktop\a\OpenGl2XD\OpenGL\OpenGL\Example1.cpp(364,26): warning C4305: 'argumento': truncamiento de 'double' a 'GLfloat'
C:\Users\teamo\Desktop\a\OpenGl2XD\OpenGL\OpenGL\Example1.cpp(370,26): warning C4305: 'argumento': truncamiento de 'double' a 'GLfloat'
C:\Users\teamo\Desktop\a\OpenGl2XD\OpenGL\OpenGL\Example1.cpp(448,25): warning C4305: 'argumento': truncamiento de 'double' a 'GLfloat'
  Example2.cpp
  Example3.cpp
C:\Users\teamo\Desktop\a\OpenGl2XD\OpenGL\OpenGL\Example3.cpp(38,39): warning C4244: 'argumento': conversión de 'float' a 'int'; posible pérdida de datos
C:\Users\teamo\Desktop\a\OpenGl2XD\OpenGL\OpenGL\Example3.cpp(38,31): warning C4244: 'argumento': conversión de 'float' a 'int'; posible pérdida de datos
C:\Users\teamo\Desktop\a\OpenGl2XD\OpenGL\OpenGL\Example3.cpp(38,23): warning C4244: 'argumento': conversión de 'float' a 'int'; posible pérdida de datos
C:\Users\teamo\Desktop\a\OpenGl2XD\OpenGL\OpenGL\Example3.cpp(172,5): warning C4060: la instrucción switch no contiene etiquetas 'case' ni 'default'
  Example4.cpp
  Example5.cpp
  Example6.cpp
  Example7.cpp
C:\Users\teamo\Desktop\a\OpenGl2XD\OpenGL\OpenGL\Example7.cpp(199,19): warning C4244: 'inicializando': conversión de 'double' a 'float'; posible pérdida de datos
C:\Users\teamo\Desktop\a\OpenGl2XD\OpenGL\OpenGL\Example7.cpp(204,25): warning C4244: 'inicializando': conversión de 'double' a 'float'; posible pérdida de datos
C:\Users\teamo\Desktop\a\OpenGl2XD\OpenGL\OpenGL\Example7.cpp(246,20): warning C4244: 'inicializando': conversión de 'double' a 'float'; posible pérdida de datos
C:\Users\teamo\Desktop\a\OpenGl2XD\OpenGL\OpenGL\Example7.cpp(247,20): warning C4244: 'inicializando': conversión de 'double' a 'float'; posible pérdida de datos
C:\Users\teamo\Desktop\a\OpenGl2XD\OpenGL\OpenGL\Example7.cpp(255,26): warning C4244: 'inicializando': conversión de 'double' a 'float'; posible pérdida de datos
C:\Users\teamo\Desktop\a\OpenGl2XD\OpenGL\OpenGL\Example7.cpp(256,26): warning C4244: 'inicializando': conversión de 'double' a 'float'; posible pérdida de datos
  Figura.cpp
C:\Users\teamo\Desktop\a\OpenGl2XD\OpenGL\OpenGL\Figura.cpp(28,35): warning C4244: 'argumento': conversión de 'int' a 'GLfloat'; posible pérdida de datos
C:\Users\teamo\Desktop\a\OpenGl2XD\OpenGL\OpenGL\Figura.cpp(28,23): warning C4244: 'argumento': conversión de 'int' a 'GLfloat'; posible pérdida de datos
C:\Users\teamo\Desktop\a\OpenGl2XD\OpenGL\OpenGL\Figura.cpp(29,34): warning C4244: 'argumento': conversión de 'int' a 'GLfloat'; posible pérdida de datos
C:\Users\teamo\Desktop\a\OpenGl2XD\OpenGL\OpenGL\Figura.cpp(29,22): warning C4244: 'argumento': conversión de 'int' a 'GLfloat'; posible pérdida de datos
C:\Users\teamo\Desktop\a\OpenGl2XD\OpenGL\OpenGL\Figura.cpp(30,33): warning C4244: 'argumento': conversión de 'int' a 'GLfloat'; posible pérdida de datos
C:\Users\teamo\Desktop\a\OpenGl2XD\OpenGL\OpenGL\Figura.cpp(30,22): warning C4244: 'argumento': conversión de 'int' a 'GLfloat'; posible pérdida de datos
C:\Users\teamo\Desktop\a\OpenGl2XD\OpenGL\OpenGL\Figura.cpp(31,34): warning C4244: 'argumento': conversión de 'int' a 'GLfloat'; posible pérdida de datos
C:\Users\teamo\Desktop\a\OpenGl2XD\OpenGL\OpenGL\Figura.cpp(31,23): warning C4244: 'argumento': conversión de 'int' a 'GLfloat'; posible pérdida de datos
  Figura2D.cpp
  Figura3D.cpp
  Lights.cpp
  OpenGL.cpp
  Generando código...
  Compilando...
  Piramide.cpp
  PointLight.cpp
  Polígono.cpp
C:\Users\teamo\Desktop\a\OpenGl2XD\OpenGL\OpenGL\Polígono.cpp(39,19): warning C4244: 'argumento': conversión de 'int' a 'GLfloat'; posible pérdida de datos
C:\Users\teamo\Desktop\a\OpenGl2XD\OpenGL\OpenGL\Polígono.cpp(39,17): warning C4244: 'argumento': conversión de 'int' a 'GLfloat'; posible pérdida de datos
C:\Users\teamo\Desktop\a\OpenGl2XD\OpenGL\OpenGL\Polígono.cpp(39,15): warning C4244: 'argumento': conversión de 'int' a 'GLfloat'; posible pérdida de datos
C:\Users\teamo\Desktop\a\OpenGl2XD\OpenGL\OpenGL\Polígono.cpp(95,21): warning C4244: 'argumento': conversión de 'int' a 'GLfloat'; posible pérdida de datos
C:\Users\teamo\Desktop\a\OpenGl2XD\OpenGL\OpenGL\Polígono.cpp(95,18): warning C4244: 'argumento': conversión de 'int' a 'GLfloat'; posible pérdida de datos
C:\Users\teamo\Desktop\a\OpenGl2XD\OpenGL\OpenGL\Polígono.cpp(95,15): warning C4244: 'argumento': conversión de 'int' a 'GLfloat'; posible pérdida de datos
C:\Users\teamo\Desktop\a\OpenGl2XD\OpenGL\OpenGL\Polígono.cpp(111,21): warning C4244: 'argumento': conversión de 'int' a 'GLfloat'; posible pérdida de datos
C:\Users\teamo\Desktop\a\OpenGl2XD\OpenGL\OpenGL\Polígono.cpp(111,18): warning C4244: 'argumento': conversión de 'int' a 'GLfloat'; posible pérdida de datos
C:\Users\teamo\Desktop\a\OpenGl2XD\OpenGL\OpenGL\Polígono.cpp(111,15): warning C4244: 'argumento': conversión de 'int' a 'GLfloat'; posible pérdida de datos
C:\Users\teamo\Desktop\a\OpenGl2XD\OpenGL\OpenGL\Polígono.cpp(126,25): warning C4305: 'argumento': truncamiento de 'double' a 'GLfloat'
C:\Users\teamo\Desktop\a\OpenGl2XD\OpenGL\OpenGL\Polígono.cpp(127,21): warning C4244: 'argumento': conversión de 'int' a 'GLfloat'; posible pérdida de datos
C:\Users\teamo\Desktop\a\OpenGl2XD\OpenGL\OpenGL\Polígono.cpp(127,18): warning C4244: 'argumento': conversión de 'int' a 'GLfloat'; posible pérdida de datos
C:\Users\teamo\Desktop\a\OpenGl2XD\OpenGL\OpenGL\Polígono.cpp(127,15): warning C4244: 'argumento': conversión de 'int' a 'GLfloat'; posible pérdida de datos
C:\Users\teamo\Desktop\a\OpenGl2XD\OpenGL\OpenGL\Polígono.cpp(136,25): warning C4305: 'argumento': truncamiento de 'double' a 'GLfloat'
C:\Users\teamo\Desktop\a\OpenGl2XD\OpenGL\OpenGL\Polígono.cpp(154,25): warning C4305: 'argumento': truncamiento de 'double' a 'GLfloat'
C:\Users\teamo\Desktop\a\OpenGl2XD\OpenGL\OpenGL\Polígono.cpp(181,25): warning C4305: 'argumento': truncamiento de 'double' a 'GLfloat'
C:\Users\teamo\Desktop\a\OpenGl2XD\OpenGL\OpenGL\Polígono.cpp(192,21): warning C4244: 'argumento': conversión de 'int' a 'GLfloat'; posible pérdida de datos
C:\Users\teamo\Desktop\a\OpenGl2XD\OpenGL\OpenGL\Polígono.cpp(192,18): warning C4244: 'argumento': conversión de 'int' a 'GLfloat'; posible pérdida de datos
C:\Users\teamo\Desktop\a\OpenGl2XD\OpenGL\OpenGL\Polígono.cpp(192,15): warning C4244: 'argumento': conversión de 'int' a 'GLfloat'; posible pérdida de datos
C:\Users\teamo\Desktop\a\OpenGl2XD\OpenGL\OpenGL\Polígono.cpp(237,21): warning C4244: 'argumento': conversión de 'int' a 'GLfloat'; posible pérdida de datos
C:\Users\teamo\Desktop\a\OpenGl2XD\OpenGL\OpenGL\Polígono.cpp(237,18): warning C4244: 'argumento': conversión de 'int' a 'GLfloat'; posible pérdida de datos
C:\Users\teamo\Desktop\a\OpenGl2XD\OpenGL\OpenGL\Polígono.cpp(237,15): warning C4244: 'argumento': conversión de 'int' a 'GLfloat'; posible pérdida de datos
C:\Users\teamo\Desktop\a\OpenGl2XD\OpenGL\OpenGL\Polígono.cpp(241,25): warning C4305: 'argumento': truncamiento de 'double' a 'GLfloat'
C:\Users\teamo\Desktop\a\OpenGl2XD\OpenGL\OpenGL\Polígono.cpp(252,21): warning C4244: 'argumento': conversión de 'int' a 'GLfloat'; posible pérdida de datos
C:\Users\teamo\Desktop\a\OpenGl2XD\OpenGL\OpenGL\Polígono.cpp(252,18): warning C4244: 'argumento': conversión de 'int' a 'GLfloat'; posible pérdida de datos
C:\Users\teamo\Desktop\a\OpenGl2XD\OpenGL\OpenGL\Polígono.cpp(252,15): warning C4244: 'argumento': conversión de 'int' a 'GLfloat'; posible pérdida de datos
C:\Users\teamo\Desktop\a\OpenGl2XD\OpenGL\OpenGL\Polígono.cpp(255,25): warning C4305: 'argumento': truncamiento de 'double' a 'GLfloat'
  Punto3D.cpp
  SpotLight.cpp
  TextureLoader.cpp
  Triangulo.cpp
  Vector3.cpp
  Generando código...
  LINK : no se encontró C:\Users\teamo\Desktop\a\OpenGl2XD\OpenGL\Debug\OpenGL.exe o no lo generó el último vínculo incremental; ejecutando vínculo completo
  OpenGL.vcxproj -> C:\Users\teamo\Desktop\a\OpenGl2XD\OpenGL\Debug\OpenGL.exe
